info: GET /api/books {"timestamp":"2023-09-20T12:39:37.815Z"}
[32minfo[39m: GET /api/books {"timestamp":"2023-09-20T12:42:53.397Z"}
[32minfo[39m: GET /api/books {"timestamp":"2023-09-20T15:28:58.392Z"}
[32minfo[39m: DELETE /api/books/EVrgjXRpCjT2a6WgHZ6N {"timestamp":"2023-09-20T16:02:04.255Z"}
[32minfo[39m: DELETE /api/books/cAXXLkOYljwcC68sj5oY {"timestamp":"2023-09-20T16:02:25.323Z"}
[32minfo[39m: DELETE /api/books/cKIfgymWJuifr9PGoIaY {"timestamp":"2023-09-20T16:02:35.869Z"}
[32minfo[39m: DELETE /api/books/npQHNaOwZJuzwgfjz6CF {"timestamp":"2023-09-20T16:03:00.839Z"}
[32minfo[39m: DELETE /api/books/sGGQUz2QfNZVMhvzPhSr {"timestamp":"2023-09-20T16:03:13.600Z"}
[32minfo[39m: GET /books {"timestamp":"2023-09-24T03:48:22.691Z"}
[32minfo[39m: GET /books {"timestamp":"2023-09-24T03:49:05.560Z"}
[32minfo[39m: GET /book {"timestamp":"2023-09-24T03:49:21.067Z"}
[32minfo[39m: GET /books {"timestamp":"2023-09-24T03:49:30.970Z"}
[32minfo[39m: GET /books {"timestamp":"2023-09-25T13:17:00.145Z"}
[32minfo[39m: POST /api/books {"timestamp":"2023-09-25T14:41:37.517Z"}
[32minfo[39m: POST /api/books {"timestamp":"2023-09-25T14:41:50.663Z"}
[32minfo[39m: POST /api/books {"timestamp":"2023-09-25T14:42:03.301Z"}
[32minfo[39m: GET /books {"timestamp":"2023-09-25T14:45:48.055Z"}
[32minfo[39m: GET /books {"timestamp":"2023-09-25T14:45:59.017Z"}
[32minfo[39m: GET /books {"timestamp":"2023-09-25T14:46:12.224Z"}
[32minfo[39m: GET /api/books {"timestamp":"2023-09-25T14:46:23.256Z"}
[32minfo[39m: GET /books {"timestamp":"2023-09-25T14:46:36.105Z"}
[32minfo[39m: GET /books {"timestamp":"2023-09-25T14:46:37.573Z"}
[32minfo[39m: GET /books {"timestamp":"2023-09-25T14:46:40.622Z"}
[32minfo[39m: GET /api/books {"timestamp":"2023-09-25T14:46:42.931Z"}
[32minfo[39m: POST /api/books {"timestamp":"2023-09-25T14:55:04.358Z"}
[32minfo[39m: POST /api/books {"timestamp":"2023-09-25T15:02:50.843Z"}
[32minfo[39m: POST /api/books {"timestamp":"2023-09-25T15:06:58.795Z"}
[32minfo[39m: POST /api/books {"timestamp":"2023-09-25T15:12:46.537Z"}
[32minfo[39m: POST /api/books {"timestamp":"2023-09-25T16:37:37.971Z"}
[32minfo[39m: POST /api/books {"timestamp":"2023-09-25T18:55:32.587Z"}
[32minfo[39m: POST /api/books {"timestamp":"2023-09-25T19:26:14.863Z"}
[32minfo[39m: POST /api/books {"timestamp":"2023-09-25T19:30:47.996Z"}
[32minfo[39m: POST /api/books {"timestamp":"2023-09-25T19:34:03.430Z"}
[32minfo[39m: POST /api/books {"timestamp":"2023-09-25T19:57:16.547Z"}
[32minfo[39m: GET /api/books {"timestamp":"2023-09-25T19:57:26.300Z"}
[32minfo[39m: OPTIONS /api/books {"timestamp":"2023-09-25T20:08:29.391Z"}
[32minfo[39m: POST /api/books {"timestamp":"2023-09-25T20:30:24.997Z"}
[32minfo[39m: OPTIONS /api/books {"timestamp":"2023-09-25T20:42:07.177Z"}
[32minfo[39m: GET /api/books {"timestamp":"2023-09-25T20:42:46.800Z"}
[32minfo[39m: GET /api/books {"timestamp":"2023-09-25T20:43:29.321Z"}
[32minfo[39m: GET /api/books {"timestamp":"2023-09-25T20:46:18.662Z"}
[32minfo[39m: GET /api/books {"timestamp":"2023-09-25T20:55:43.940Z"}
[32minfo[39m: GET /api/books {"timestamp":"2023-09-25T21:05:03.376Z"}
